game/domain/build_old/outputs/logs/manifest-merger-debug-report.txt
-- Merging decision tree log ---
manifest
ADDED from ProcessLibraryManifest/debug/tempAndroidManifest8951094530129651957.xml:2:13-83
INJECTED from ProcessLibraryManifest/debug/tempAndroidManifest8951094530129651957.xml:2:13-83
	package
		INJECTED from ProcessLibraryManifest/debug/tempAndroidManifest8951094530129651957.xml
	xmlns:android
		ADDED from ProcessLibraryManifest/debug/tempAndroidManifest8951094530129651957.xml:2:23-81
uses-sdk
INJECTED from ProcessLibraryManifest/debug/tempAndroidManifest8951094530129651957.xml reason: use-sdk injection requested
INJECTED from ProcessLibraryManifest/debug/tempAndroidManifest8951094530129651957.xml
INJECTED from ProcessLibraryManifest/debug/tempAndroidManifest8951094530129651957.xml
	android:targetSdkVersion
		INJECTED from ProcessLibraryManifest/debug/tempAndroidManifest8951094530129651957.xml
	android:minSdkVersion
		INJECTED from ProcessLibraryManifest/debug/tempAndroidManifest8951094530129651957.xml